2017-02-28 16:23:34, Info                  SYSPRP ========================================================
2017-02-28 16:23:34, Info                  SYSPRP ===          Beginning of a new sysprep run          ===
2017-02-28 16:23:34, Info                  SYSPRP ========================================================
2017-02-28 16:23:34, Info       [0x0f004d] SYSPRP The time is now 2017-02-28 16:23:34
2017-02-28 16:23:34, Info       [0x0f004e] SYSPRP Initialized SysPrep log at C:\Windows\System32\Sysprep\Panther
2017-02-28 16:23:34, Info       [0x0f0054] SYSPRP ValidateUser:User has required privileges to sysprep machine
2017-02-28 16:23:34, Info       [0x0f007e] SYSPRP FCreateTagFile:Tag file C:\Windows\System32\Sysprep\Sysprep_succeeded.tag does not already exist, no need to delete anything
2017-02-28 16:23:34, Info       [0x0f003d] SYSPRP WinMain:Displaying dialog box for user to choose sysprep mode...
2017-02-28 16:23:42, Info       [0x0f00d7] SYSPRP WinMain:Pre-validing 'cleanup' internal providers.
2017-02-28 16:23:42, Info                  SYSPRP RunExternalDlls:Running platform actions specified in action file for phase 3
2017-02-28 16:23:42, Info       [0x0f00ba] SYSPRP SysprepSession::CreateSession: Successfully created instance with mount path C:, action file C:\Windows\System32\Sysprep\ActionFiles\Cleanup.xml, and mode <null>
2017-02-28 16:23:42, Info                  SYSPRP SysprepSession::Validate: Beginning action execution from C:\Windows\System32\Sysprep\ActionFiles\Cleanup.xml
2017-02-28 16:23:42, Info                  SYSPRP ActionPlatform::GetStringValue: Getting REG_SZ value SysprepMode under key HKEY_LOCAL_MACHINE\Software\Microsoft\Windows\CurrentVersion\Setup\Sysprep
2017-02-28 16:23:42, Info                  SYSPRP ActionPlatform::GetValue: Getting value SysprepMode under key HKEY_LOCAL_MACHINE\Software\Microsoft\Windows\CurrentVersion\Setup\Sysprep
2017-02-28 16:23:42, Warning               SYSPRP ActionPlatform::GetValue: Error from RegQueryValueEx on value SysprepMode under key HKEY_LOCAL_MACHINE\Software\Microsoft\Windows\CurrentVersion\Setup\Sysprep; dwRet = 0x2
2017-02-28 16:23:42, Info                  SYSPRP SysprepSession::CreateXPathForSelection: Sysprep mode in registry is <null>
2017-02-28 16:23:42, Info                  SYSPRP ActionPlatform::GetStringValue: Getting REG_SZ value PROCESSOR_ARCHITECTURE under key HKEY_LOCAL_MACHINE\SYSTEM\CurrentControlSet\Control\Session Manager\Environment
2017-02-28 16:23:42, Info                  SYSPRP ActionPlatform::GetValue: Getting value PROCESSOR_ARCHITECTURE under key HKEY_LOCAL_MACHINE\SYSTEM\CurrentControlSet\Control\Session Manager\Environment
2017-02-28 16:23:42, Info                  SYSPRP SysprepSession::CreateXPathForSelection: Processor architecture in registry is AMD64
2017-02-28 16:23:42, Info       [0x0f0080] SYSPRP ActionPlatform::LaunchModule: Found 'Sysprep_Clean_Validate_Opk' in C:\Windows\System32\spopk.dll; executing it
2017-02-28 16:23:42, Info       [0x0f0081] SYSPRP ActionPlatform::LaunchModule: Successfully executed 'Sysprep_Clean_Validate_Opk' from C:\Windows\System32\spopk.dll without error
2017-02-28 16:23:42, Info       [0x0f00d7] SYSPRP WinMain:Pre-validing 'generalize' internal providers.
2017-02-28 16:23:42, Info                  SYSPRP RunExternalDlls:Running platform actions specified in action file for phase 1
2017-02-28 16:23:42, Info       [0x0f00ba] SYSPRP SysprepSession::CreateSession: Successfully created instance with mount path C:, action file C:\Windows\System32\Sysprep\ActionFiles\Generalize.xml, and mode <null>
2017-02-28 16:23:42, Info                  SYSPRP SysprepSession::Validate: Beginning action execution from C:\Windows\System32\Sysprep\ActionFiles\Generalize.xml
2017-02-28 16:23:42, Info                  SYSPRP ActionPlatform::GetStringValue: Getting REG_SZ value SysprepMode under key HKEY_LOCAL_MACHINE\Software\Microsoft\Windows\CurrentVersion\Setup\Sysprep
2017-02-28 16:23:42, Info                  SYSPRP ActionPlatform::GetValue: Getting value SysprepMode under key HKEY_LOCAL_MACHINE\Software\Microsoft\Windows\CurrentVersion\Setup\Sysprep
2017-02-28 16:23:42, Warning               SYSPRP ActionPlatform::GetValue: Error from RegQueryValueEx on value SysprepMode under key HKEY_LOCAL_MACHINE\Software\Microsoft\Windows\CurrentVersion\Setup\Sysprep; dwRet = 0x2
2017-02-28 16:23:42, Info                  SYSPRP SysprepSession::CreateXPathForSelection: Sysprep mode in registry is <null>
2017-02-28 16:23:42, Info                  SYSPRP ActionPlatform::GetStringValue: Getting REG_SZ value PROCESSOR_ARCHITECTURE under key HKEY_LOCAL_MACHINE\SYSTEM\CurrentControlSet\Control\Session Manager\Environment
2017-02-28 16:23:42, Info                  SYSPRP ActionPlatform::GetValue: Getting value PROCESSOR_ARCHITECTURE under key HKEY_LOCAL_MACHINE\SYSTEM\CurrentControlSet\Control\Session Manager\Environment
2017-02-28 16:23:42, Info                  SYSPRP SysprepSession::CreateXPathForSelection: Processor architecture in registry is AMD64
2017-02-28 16:23:42, Info       [0x0f0080] SYSPRP ActionPlatform::LaunchModule: Found 'ValidateBitLockerState' in C:\Windows\System32\BdeSysprep.dll; executing it
2017-02-28 16:23:42, Info       [0x0f0081] SYSPRP ActionPlatform::LaunchModule: Successfully executed 'ValidateBitLockerState' from C:\Windows\System32\BdeSysprep.dll without error
2017-02-28 16:23:42, Info       [0x0f0080] SYSPRP ActionPlatform::LaunchModule: Found 'SysprepGeneralizeValidate' in C:\Windows\System32\AppxSysprep.dll; executing it
2017-02-28 16:23:42, Info                  SYSPRP Entering SysprepGeneralizeValidate (Appx) - validating whether all apps are also provisioned.

2017-02-28 16:23:43, Error                 SYSPRP Package 46928bounde.EclipseManager_2.2.1.31_neutral__a5h4egax66k6y was installed for a user, but not provisioned for all users. This package will not function properly in the sysprep image.

2017-02-28 16:23:43, Error                 SYSPRP Failed to remove apps for the current user: 0x80073cf2.

2017-02-28 16:23:43, Error                 SYSPRP Exit code of RemoveAllApps thread was 0x3cf2.

2017-02-28 16:23:43, Error      [0x0f0082] SYSPRP ActionPlatform::LaunchModule: Failure occurred while executing 'SysprepGeneralizeValidate' from C:\Windows\System32\AppxSysprep.dll; dwRet = 0x3cf2
2017-02-28 16:23:43, Error                 SYSPRP SysprepSession::Validate: Error in validating actions from C:\Windows\System32\Sysprep\ActionFiles\Generalize.xml; dwRet = 0x3cf2
2017-02-28 16:23:43, Error                 SYSPRP RunPlatformActions:Failed while validating SysprepSession actions; dwRet = 0x3cf2
2017-02-28 16:23:43, Error      [0x0f0070] SYSPRP RunExternalDlls:An error occurred while running registry sysprep DLLs, halting sysprep execution. dwRet = 0x3cf2
2017-02-28 16:23:43, Error      [0x0f00d8] SYSPRP WinMain:Hit failure while pre-validate sysprep generalize internal providers; hr = 0x80073cf2
2017-02-28 16:27:00, Info       [0x0f0052] SYSPRP Shutting down SysPrep log
2017-02-28 16:27:00, Info       [0x0f004d] SYSPRP The time is now 2017-02-28 16:27:00
